{ "msg_showcmd", "sl:1", "tick:193", false, { { 0, ":" } } }
{ "cmdline_show", "sl:1", "tick:194", "mode:c", { { 0, "" } } }
{ "cmdline_show", "sl:1", "tick:197", "mode:c", { { 0, "NoiceDebug" } } }
{ "cmdline_show", "sl:1", "tick:199", "mode:c", { { 0, "checkhealth snacks" } } }
{ "cmdline_show", "sl:1", "tick:201", "mode:c", { { 0, "=Snacks.scratch()" } } }
{ "cmdline_hide", "sl:1", "tick:203", false, 1 }
{ "msg_showcmd", "sl:1", "tick:206", false, { { 0, ":" } } }
{ "cmdline_show", "sl:1", "tick:207", "mode:c", { { 0, "" } } }
{ "cmdline_show", "sl:1", "tick:210", "mode:c", { { 0, "=Snacks.scratch()" } } }
{ "cmdline_show", "sl:1", "tick:212", "mode:c", { { 0, "=Snacks.scratch(" } } }
{ "cmdline_show", "sl:1", "tick:214", "mode:c", { { 0, "=Snacks.scratch" } } }
{ "cmdline_show", "sl:1", "tick:216", "mode:c", { { 0, "=Snacks.scratc" } } }
{ "cmdline_show", "sl:1", "tick:218", "mode:c", { { 0, "=Snacks.scrat" } } }
{ "cmdline_show", "sl:1", "tick:220", "mode:c", { { 0, "=Snacks.scra" } } }
{ "cmdline_show", "sl:1", "tick:222", "mode:c", { { 0, "=Snacks.scr" } } }
{ "cmdline_show", "sl:1", "tick:224", "mode:c", { { 0, "=Snacks.sc" } } }
{ "cmdline_show", "sl:1", "tick:226", "mode:c", { { 0, "=Snacks.s" } } }
{ "cmdline_show", "sl:1", "tick:228", "mode:c", { { 0, "=Snacks." } } }
{ "cmdline_show", "sl:1", "tick:230", "mode:c", { { 0, "=Snacks" } } }
{ "cmdline_show", "sl:1", "tick:232", "mode:c", { { 0, "=Snack" } } }
{ "cmdline_show", "sl:1", "tick:234", "mode:c", { { 0, "=Snac" } } }
{ "cmdline_show", "sl:1", "tick:236", "mode:c", { { 0, "=Sna" } } }
{ "cmdline_show", "sl:1", "tick:238", "mode:c", { { 0, "=Sn" } } }
{ "cmdline_show", "sl:1", "tick:240", "mode:c", { { 0, "=S" } } }
{ "cmdline_show", "sl:1", "tick:242", "mode:c", { { 0, "=" } } }
{ "cmdline_show", "sl:1", "tick:244", "mode:c", { { 0, "" } } }
{ "cmdline_hide", "sl:1", "tick:246", false, 1 }
{ "cmdline_show", "sl:1", "tick:247", "cmdline", { { 0, "" } } }
{ "msg_showcmd", "sl:1", "tick:249", "cmdline", { { 0, "~@k" } } }
{ "msg_showcmd", "sl:1", "tick:251", "cmdline", { { 0, "~@k" } } }
{ "msg_showcmd", "sl:1", "tick:253", "cmdline", { { 0, "~@k" } } }
{ "msg_showcmd", "sl:1", "tick:255", "cmdline", { { 0, "~@k" } } }
{ "msg_showcmd", "sl:1", "tick:257", "cmdline", { { 0, "~@k" } } }
{ "msg_showcmd", "sl:1", "tick:259", "cmdline", { { 0, "~@k" } } }
{ "msg_showcmd", "sl:1", "tick:261", "cmdline", { { 0, "~@k" } } }
{ "msg_showcmd", "sl:1", "tick:263", "cmdline", { { 0, "~@k" } } }
{ "msg_showcmd", "sl:1", "tick:265", "cmdline", { { 0, "~@k" } } }
{ "msg_showcmd", "sl:1", "tick:267", "cmdline", { { 0, "~@k" } } }
{ "msg_showcmd", "sl:1", "tick:269", "cmdline", { { 0, "^[" } } }
{ "msg_showcmd", "sl:1", "tick:271", "cmdline", { { 0, "^[" } } }
{ "msg_showcmd", "sl:1", "tick:273", "cmdline", { { 0, "^[" } } }
{ "msg_showcmd", "sl:1", "tick:275", "cmdline", { { 0, "^[" } } }
{ "msg_showcmd", "sl:1", "tick:277", "cmdline", { { 0, ":" } } }
{ "cmdline_hide", "sl:1", "tick:279", false, 1 }
{ "msg_showcmd", "sl:1", "tick:280", false, { { 0, "^[" } } }
{ "msg_showcmd", "sl:1", "tick:282", false, { { 0, ":" } } }
{ "cmdline_show", "sl:1", "tick:283", "mode:c", { { 0, "" } } }
{ "cmdline_show", "sl:1", "tick:286", "mode:c", { { 0, "n" } } }
{ "cmdline_show", "sl:1", "tick:288", "mode:c", { { 0, "no" } } }
{ "cmdline_show", "sl:1", "tick:290", "mode:c", { { 0, "noi" } } }
{ "cmdline_show", "sl:1", "tick:292", "mode:c", { { 0, "noic" } } }
{ "cmdline_show", "sl:1", "tick:294", "mode:c", { { 0, "Noice" } } }
{ "cmdline_show", "sl:1", "tick:296", "mode:c", { { 0, "NoiceAll" } } }
{ "cmdline_show", "sl:1", "tick:298", "mode:c", { { 0, "NoiceConfig" } } }
{ "cmdline_show", "sl:1", "tick:300", "mode:c", { { 0, "NoiceDebug" } } }
{ "cmdline_show", "sl:1", "tick:302", "mode:c", { { 0, "NoiceDisable" } } }
{ "cmdline_show", "sl:1", "tick:304", "mode:c", { { 0, "NoiceDebug" } } }
{ "cmdline_hide", "sl:1", "tick:306", false, 1 }
